[Message: Preloader] BepInEx 6.0.0-be.665 - GTFO
[Message: Preloader] Built from commit 6aabdb5ff9500fca541dbd66df7fbd7fe1dacd78
[Info   :   BepInEx] System platform: Windows 10 64-bit
[Info   :   BepInEx] Process bitness: 64-bit (x64)
[Info   :   BepInEx] Running under Unity 2019.4.21f1
[Info   :   BepInEx] Runtime version: 6.0.7
[Info   :   BepInEx] Runtime information: .NET 6.0.7
[Info   :AssemblyPatcher] Loaded 1 patcher type from [IL2CPP.Json.NET.Generator 1.0.0.0]
[Info   : Preloader] 1 patcher plugin loaded
[Info   : Preloader] 1 assemblies discovered
[Message:AssemblyPatcher] Executing 0 patch(es)
[Message:   BepInEx] Chainloader initialized
[Info   :Il2CppInterop] Registered mono type Il2CppInterop.Runtime.DelegateSupport+Il2CppToMonoDelegateReference in il2cpp domain
[Info   :   BepInEx] 13 plugins to load
[Warning:   BepInEx] Skipping [MTFO pDataBlock 1.4.0] because a newer version exists (MTFO pDataBlock 1.5.0)
[Info   :   BepInEx] Loading [GTFO-API 0.4.1]
[Info   :Il2CppInterop] Registered mono type GTFO.API.Impl.NetworkAPI_Impl in il2cpp domain
[Info   :Il2CppInterop] Registered mono type GTFO.API.Impl.AssetAPI_Impl in il2cpp domain
[Info   :Il2CppInterop] Registered mono type GTFO.API.Wrappers.ItemWrapped in il2cpp domain
[Info   :Il2CppInterop] Registered mono type GTFO.API.Utilities.Impl.ThreadDispatcher_Impl in il2cpp domain
[Info   :Il2CppInterop] Registered mono type GTFO.API.Utilities.Impl.CoroutineDispatcher_Impl in il2cpp domain
[Warning:  GTFO-API] [GTFO-API]: Syringes are currently disabled in this version
[Info   :   BepInEx] Loading [CheatConsole 0.12.1]
[Info   :Il2CppInterop] Registered mono type _L6CDs4qQNQnEoYcHGawjjgfSKEd in il2cpp domain
[Info   :Il2CppInterop] Registered mono type _NlKFBXUBB7bw9FbrDBmIDlzw6ap in il2cpp domain
[Info   :Il2CppInterop] Registered mono type _87AMBcFk2ZW0MYtb5tAtRuIicLl in il2cpp domain
[Info   :Il2CppInterop] Registered mono type _lea1tvExAOAke1bBaeWpp8FtxjI in il2cpp domain
[Info   :Il2CppInterop] Registered mono type _VrGNXP28FUvvg1uubz0mU1YJkWH in il2cpp domain
[Info   :Il2CppInterop] Registered mono type _35CnqTti5BLoDXhPj3GLa5XLeTh in il2cpp domain
[Info   :Il2CppInterop] Registered mono type _zW89ucZb7W3l0qyiSAbVZJAXffO in il2cpp domain
[Info   :Il2CppInterop] Registered mono type _NJWtzNLmEAJd2Qq8SjI8D2DoiDY in il2cpp domain
[Info   :Il2CppInterop] Registered mono type _I14e9banQ3soVlTuQ0PIRL3QrzH in il2cpp domain
[Info   :Il2CppInterop] Registered mono type _jgha3LtWLrAl1O9ta9AhyhX4fCf in il2cpp domain
[Info   :Il2CppInterop] Registered mono type _M9MhydxPlmdmJlZGWaTXIpgeCf in il2cpp domain
[Info   :Il2CppInterop] Registered mono type _ZPSi09KqwP91MiRd6Pc9tl6XNUL in il2cpp domain
[Info   :Il2CppInterop] Registered mono type _hIkcRzQ0mn8F1E7XZFJbWxvL000 in il2cpp domain
[Error  :Il2CppInterop] Nested type _PyEeJetj2uveST3yKXCkfBjXT0y on _hIkcRzQ0mn8F1E7XZFJbWxvL000 not found!
[Info   :Il2CppInterop] Registered mono type _7lLFpm1yVtfRGRu2FgXWzzGnyxh in il2cpp domain
[Info   :Il2CppInterop] Registered mono type _NpaATfQgnoXdXQzFcS8Cnikr08n in il2cpp domain
[Info   :Il2CppInterop] Registered mono type _H69T3g34o9ICG3cGumzczCJg9rA in il2cpp domain
[Info   :Il2CppInterop] Registered mono type _VPeBpGbEH8cijd0xJaIuMBeUo9sA in il2cpp domain
[Info   :   BepInEx] Loading [MTFO 4.6.2+git44e73d7-dirty-main]
[Info   :   BepInEx] Loading [InjectLib 1.0.0]
[Info   :   BepInEx] Loading [InheritanceDataBlocks 1.1.5]
[Message:InheritanceDataBlocks] Loading InheritanceDataBlocks
[Message:InheritanceDataBlocks] Loaded InheritanceDataBlocks
[Info   :   BepInEx] Loading [AWO 2.0.3]
[Info   :Il2CppInterop] Registered mono type AWO.Modules.WEE.Replicators.ScanPositionReplicator in il2cpp domain
[Info   :Il2CppInterop] Registered mono type AWO.Modules.WEE.Replicators.ZoneLightReplicator in il2cpp domain
[Message:       AWO] AWO is done loading! --Amorously
[Info   :   BepInEx] Loading [FloLib 1.0.0]
[Info   :Il2CppInterop] Registered mono type FloLib.Utils.Comps.EmptyMB in il2cpp domain
[Info   :Il2CppInterop] Registered mono type FloLib.Infos.Comps.LightData in il2cpp domain
[Info   :Il2CppInterop] Registered mono type FloLib.Game.Explosions.ExplosionEffectHandler in il2cpp domain
[Info   :   BepInEx] Loading [MTFO pDataBlock 1.5.0]
[Info   :   BepInEx] Loading [ExtraObjectiveSetup 1.6.4]
[Message:ExtraObjectiveSetup] PartialData support found!
[Message:ExtraObjectiveSetup] InjectLib (AWO) support found!
[Info   :   BepInEx] Loading [LocalProgression 1.3.7]
[Info   :   BepInEx] Loading [LGTuner 1.1.2]
[Info   :   BepInEx] Loading [ScanPositionOverride 1.6.7]
[Error  :ScanPosOverride] C:\Users\devha\AppData\Roaming\Thunderstore Mod Manager\DataFolder\GTFO\profiles\Devile\BepInEx\GameData\Custom\ScanPositionOverrides
[Message:ScanPosOverride] PartialData Support Found!
[Message:ScanPosOverride] InjectLib (AWO) support found!
[Message:   BepInEx] Chainloader startup complete
[Info   :Il2CppInterop] Registered mono type LocalProgression.Component.ExpeditionWindow_NoBoosterIcon in il2cpp domain
[Info   :Il2CppInterop] Registered mono type LocalProgression.Component.ExpeditionSuccessPage_NoBoosterIcon in il2cpp domain
[Message:CheatConsole] CheatConsole Loaded On Revision : 34855!
[Message:CheatConsole] Initialized Command System! (Found: 80 Commands)
[Error  :MTFO pDataBlock] GUID is Missing: 
[Error  :MTFO pDataBlock] GUID is Missing: 
[Info   :Il2CppInterop] Registered mono type MTFO.Custom.CCP.Components.CorePuzzleData in il2cpp domain
[Info   :Il2CppInterop] Registered mono type MTFO.Custom.CCP.Components.ClusterPuzzleData in il2cpp domain
[Info   :Il2CppInterop] Registered mono type BepInEx.Unity.IL2CPP.Utils.Collections.Il2CppManagedEnumerator in il2cpp domain
[Info   :Il2CppInterop] Registered mono type LocalProgression.Component.RundownTierMarker_NoBoosterIcon in il2cpp domain
[Warning:LocalProgression] Update LPData to rundown_id: 1
[Warning:LocalProgression] Chapter 1 - old format
[Message:LocalProgression] CM_PageRundown_New.UpdateRundownExpeditionProgression, overwrite with LocalProgression Data, RundownID 1
[Warning:LocalProgression] Update LPData to rundown_id: 1
[Warning:LocalProgression] Chapter 1 - old format
[Message:LocalProgression] CM_PageRundown_New.UpdateRundownExpeditionProgression, overwrite with LocalProgression Data, RundownID 1
[Warning:LocalProgression] Update LPData to rundown_id: 1
[Warning:LocalProgression] Chapter 1 - old format
[Message:LocalProgression] CM_PageRundown_New.UpdateRundownExpeditionProgression, overwrite with LocalProgression Data, RundownID 1
[Message:   LGTuner] tile info: 0 1 geo_64x64_tech_lab_HA_10 for Zone_0 : Reality
[Message:   LGTuner] tile info: 0 2 geo_64x64_tech_lab_HA_03 for Zone_1 : Reality
[Message:   LGTuner] tile info: -1 2 geo_64x64_tech_lab_HA_09 for Zone_2 : Reality
[Message:   LGTuner] tile info: 1 2 geo_64x64_tech_lab_HA_05 for Zone_3 : Reality
[Message:   LGTuner] tile info: 2 2 geo_64x64_tech_lab_HA_03 for Zone_3 : Reality
[Message:   LGTuner] tile info: 1 3 geo_64x64_tech_lab_HA_01 for Zone_4 : Reality
[Message:   LGTuner] tile info: 2 1 geo_64x64_tech_lab_HA_10 for Zone_5 : Reality
[Message:   LGTuner] tile info: 3 2 geo_64x64_tech_lab_hub_HA_03 for Zone_7 : Reality
[Message:   LGTuner] tile info: 3 3 geo_64x64_tech_lab_HA_10 for Zone_8 : Reality
[Message:   LGTuner] tile info: 4 3 geo_64x64_tech_lab_HA_08 for Zone_8 : Reality
[Message:   LGTuner] tile info: 3 1 geo_64x64_tech_data_center_HA_02 for Zone_9 : Reality
[Message:   LGTuner] tile info: 4 2 geo_64x64_tech_lab_HA_04 for Zone_10 : Reality
[Message:   LGTuner] tile info: 5 2 geo_64x64_tech_data_center_HA_09 for Zone_10 : Reality
[Message:   LGTuner] buildplugjob plug in complex Lab plug status Blocked plug direction Left ..
[Message:   LGTuner] buildplugjob plug in complex Lab plug status Connected plug direction Up ..
[Message:   LGTuner] found plug for zone: Zone_13_Area B (LevelGeneration.LG_Area)->Zone_14_Area A (LevelGeneration.LG_Area)
[Message:   LGTuner] buildplugjob plug in complex Lab plug status Blocked plug direction Right ..
[Message:   LGTuner] buildplugjob plug in complex Lab plug status Connected plug direction Down ..
[Message:   LGTuner] buildplugjob plug in complex Lab plug status Connected plug direction Right ..
[Message:   LGTuner] found plug for zone: Zone_14_Area A (LevelGeneration.LG_Area)->Zone_38_Area A (LevelGeneration.LG_Area)
[Message:   LGTuner] buildplugjob plug in complex Lab plug status Connected plug direction Down ..
[Message:   LGTuner] buildplugjob plug in complex Lab plug status Connected plug direction Left ..
[Message:   LGTuner] found plug for zone: Zone_25_Area B (LevelGeneration.LG_Area)->Zone_26_Area C (LevelGeneration.LG_Area)
[Message:   LGTuner] buildplugjob plug in complex Lab plug status Blocked plug direction Down ..
[Message:   LGTuner] buildplugjob plug in complex Lab plug status Connected plug direction Right ..
[Message:   LGTuner] buildplugjob plug in complex Lab plug status Connected plug direction Right ..
[Message:   LGTuner] found plug for zone: Zone_38_Area A (LevelGeneration.LG_Area)->Zone_310_Area B (LevelGeneration.LG_Area)
[Message:   LGTuner] buildplugjob plug in complex Lab plug status Connected plug direction Left ..
[Message:   LGTuner] buildplugjob plug in complex Lab plug status Blocked plug direction Down ..
[Message:   LGTuner] buildplugjob plug in complex Lab plug status Connected plug direction Up ..
[Message:   LGTuner] found plug for zone: Zone_411_Area B (LevelGeneration.LG_Area)->Zone_412_Area A (LevelGeneration.LG_Area)
[Message:   LGTuner] buildplugjob plug in complex Lab plug status Connected plug direction Right ..
[Message:   LGTuner] found plug for zone: Zone_514_Area A (LevelGeneration.LG_Area)->Zone_717_Area A (LevelGeneration.LG_Area)
[Message:   LGTuner] buildplugjob plug in complex Lab plug status Connected plug direction Down ..
[Message:   LGTuner] found plug for zone: Zone_514_Area A (LevelGeneration.LG_Area)->Zone_515_Area B (LevelGeneration.LG_Area)
[Message:   LGTuner] buildplugjob plug in complex Lab plug status Connected plug direction Left ..
[Message:   LGTuner] buildplugjob plug in complex Lab plug status Blocked plug direction Up ..
[Message:   LGTuner] buildplugjob plug in complex Lab plug status Blocked plug direction Left ..
[Message:   LGTuner] buildplugjob plug in complex Lab plug status Connected plug direction Down ..
[Message:   LGTuner] buildplugjob plug in complex Lab plug status Blocked plug direction Left ..
[Message:   LGTuner] buildplugjob plug in complex Lab plug status Connected plug direction Up ..
[Message:   LGTuner] buildplugjob plug in complex Lab plug status Connected plug direction Right ..
[Message:   LGTuner] found plug for zone: Zone_930_Area C (LevelGeneration.LG_Area)->Zone_928_Area E (LevelGeneration.LG_Area)
[Message:   LGTuner] buildplugjob plug in complex Lab plug status Blocked plug direction Down ..
[Message:   LGTuner] buildplugjob plug in complex Lab plug status Connected plug direction Left ..
[Message:   LGTuner] buildplugjob plug in complex Lab plug status Connected plug direction Right ..
[Message:   LGTuner] found plug for zone: Zone_718_Area B (LevelGeneration.LG_Area)->Zone_1033_Area C (LevelGeneration.LG_Area)
[Message:   LGTuner] buildplugjob plug in complex Lab plug status Connected plug direction Up ..
[Message:   LGTuner] found plug for zone: Zone_719_Area C (LevelGeneration.LG_Area)->Zone_823_Area C (LevelGeneration.LG_Area)
[Message:   LGTuner] buildplugjob plug in complex Lab plug status Connected plug direction Down ..
[Message:   LGTuner] found plug for zone: Zone_720_Area D (LevelGeneration.LG_Area)->Zone_926_Area G (LevelGeneration.LG_Area)
[Message:   LGTuner] buildplugjob plug in complex Lab plug status Connected plug direction Right ..
[Message:   LGTuner] found plug for zone: Zone_823_Area C (LevelGeneration.LG_Area)->Zone_824_Area A (LevelGeneration.LG_Area)
[Message:   LGTuner] buildplugjob plug in complex Lab plug status Connected plug direction Down ..
[Message:   LGTuner] buildplugjob plug in complex Lab plug status Connected plug direction Left ..
[Message:   LGTuner] buildplugjob plug in complex Lab plug status Blocked plug direction Up ..
[Message:   LGTuner] buildplugjob plug in complex Lab plug status Blocked plug direction Right ..
[Message:   LGTuner] buildplugjob plug in complex DataCenter plug status Blocked plug direction Right ..
[Message:   LGTuner] buildplugjob plug in complex DataCenter plug status Connected plug direction Left ..
[Message:   LGTuner] buildplugjob plug in complex DataCenter plug status Connected plug direction Up ..
[Message:   LGTuner] buildplugjob plug in complex Lab plug status Blocked plug direction Down ..
[Message:   LGTuner] buildplugjob plug in complex Lab plug status Connected plug direction Left ..
[Message:   LGTuner] buildplugjob plug in complex Lab plug status Connected plug direction Right ..
[Message:   LGTuner] found plug for zone: Zone_1035_Area E (LevelGeneration.LG_Area)->Zone_1036_Area C (LevelGeneration.LG_Area)
[Message:   LGTuner] buildplugjob plug in complex DataCenter plug status Connected plug direction Left ..
[Message:   LGTuner] buildplugjob plug in complex DataCenter plug status Blocked plug direction Up ..
[Info   :       AWO] SessionSeed 1372294958
[Info   :       AWO] [SerialLookupManager] On build done, collected 128 serial numbers
[Message:CheatConsole] Level Built: Looking for any objective reactor is in level...
[Message:CheatConsole] Found one?: False
[Message:CheatConsole] Update Current Expedition to CH1-D1 : Locale...
[Error  :    FloLib] Handshake::Session Type StateReplicator cannot be created without lobby!
[Error  :    FloLib] Handshake::Session Type StateReplicator cannot be created without lobby!
[Error  :    FloLib] Handshake::Session Type StateReplicator cannot be created without lobby!
[Error  :    FloLib] Handshake::Session Type StateReplicator cannot be created without lobby!
[Error  :    FloLib] Handshake::Session Type StateReplicator cannot be created without lobby!
[Error  :    FloLib] Handshake::Session Type StateReplicator cannot be created without lobby!
[Error  :    FloLib] Handshake::Session Type StateReplicator cannot be created without lobby!
[Error  :    FloLib] Handshake::Session Type StateReplicator cannot be created without lobby!
[Error  :    FloLib] Handshake::Session Type StateReplicator cannot be created without lobby!
[Error  :    FloLib] Handshake::Session Type StateReplicator cannot be created without lobby!
[Error  :    FloLib] Handshake::Session Type StateReplicator cannot be created without lobby!
[Error  :       AWO] Handshake::Session Type StateReplicator cannot be created without lobby!
[Error  :       AWO] Handshake::Session Type StateReplicator cannot be created without lobby!
[Error  :       AWO] Handshake::Session Type StateReplicator cannot be created without lobby!
[Error  :       AWO] Handshake::Session Type StateReplicator cannot be created without lobby!
[Error  :       AWO] Handshake::Session Type StateReplicator cannot be created without lobby!
[Error  :       AWO] Handshake::Session Type StateReplicator cannot be created without lobby!
[Error  :       AWO] Handshake::Session Type StateReplicator cannot be created without lobby!
[Error  :       AWO] Handshake::Session Type StateReplicator cannot be created without lobby!
[Error  :       AWO] Handshake::Session Type StateReplicator cannot be created without lobby!
[Error  :       AWO] Handshake::Session Type StateReplicator cannot be created without lobby!
[Error  :       AWO] Handshake::Session Type StateReplicator cannot be created without lobby!
[Error  :       AWO] Handshake::Session Type StateReplicator cannot be created without lobby!
[Warning:LocalProgression] Update LPData to rundown_id: 1
[Warning:LocalProgression] Chapter 1 - old format
[Error  :      MTFO] Achievement Completion Blocked: ACH_12
[Warning:LocalProgression] Update LPData to rundown_id: 1
[Warning:LocalProgression] Chapter 1 - old format
[Message:LocalProgression] CM_PageRundown_New.UpdateRundownExpeditionProgression, overwrite with LocalProgression Data, RundownID 1
